<?xml version="1.0" encoding="UTF-8"?>
<!-- Generated by org.testng.reporters.JUnitXMLReporter -->
<testsuite ignored="0" hostname="LPU0105" failures="1" tests="2" name="Test" time="61.278" errors="0" timestamp="2024-12-01T15:57:29 IST">
  <testcase classname="testCases.TC001_searchText" name="verify_search_result" time="21.775">
    <failure type="java.lang.AssertionError" message="expected [true] but found [false]">
      <![CDATA[java.lang.AssertionError: expected [true] but found [false]
at testCases.TC001_searchText.verify_search_result(TC001_searchText.java:57)
at java.base/java.util.ArrayList.forEach(ArrayList.java:1511)
... Removed 31 stack frames]]>
    </failure>
  </testcase> <!-- verify_search_result -->
  <testcase classname="testCases.TC002_verifyNumberOfCenters" name="verify_center" time="21.566"/>
</testsuite> <!-- Test -->
