<?xml version="1.0" encoding="UTF-8"?>
<!-- Generated by org.testng.reporters.JUnitXMLReporter -->
<testsuite ignored="0" hostname="LPU0105" failures="1" tests="2" name="Test" time="67.565" errors="0" timestamp="2024-12-02T20:31:02 IST">
  <testcase classname="testCases.TC001_searchText" name="verify_search_result" time="10.855"/>
  <testcase classname="testCases.TC002_verifyNumberOfCenters" name="verify_center" time="12.547">
    <failure type="java.lang.AssertionError" message="null">
      <![CDATA[java.lang.AssertionError: null
at testCases.TC002_verifyNumberOfCenters.verify_center(TC002_verifyNumberOfCenters.java:76)
at java.base/java.util.ArrayList.forEach(ArrayList.java:1511)
... Removed 33 stack frames]]>
    </failure>
  </testcase> <!-- verify_center -->
</testsuite> <!-- Test -->
