<?xml version="1.0" encoding="UTF-8"?>
<testng-results ignored="0" total="1" passed="1" failed="0" skipped="0">
  <reporter-output>
  </reporter-output>
  <suite started-at="2024-12-02T08:13:13 IST" name="Suite" finished-at="2024-12-02T08:13:42 IST" duration-ms="28487">
    <groups>
      <group name="Sanity">
        <method signature="TC001_searchText.verify_search_result()[pri:0, instance:testCases.TC001_searchText@3012646b]" name="verify_search_result" class="testCases.TC001_searchText"/>
      </group> <!-- Sanity -->
    </groups>
    <test started-at="2024-12-02T08:13:13 IST" name="Test" finished-at="2024-12-02T08:13:42 IST" duration-ms="28487">
      <class name="testCases.TC001_searchText">
        <test-method is-config="true" signature="setup(java.lang.String)[pri:0, instance:testCases.TC001_searchText@3012646b]" started-at="2024-12-02T08:13:13 IST" name="setup" finished-at="2024-12-02T08:13:20 IST" duration-ms="6639" status="PASS">
          <params>
            <param index="0">
              <value>
                <![CDATA[Chrome]]>
              </value>
            </param>
          </params>
          <reporter-output>
          </reporter-output>
        </test-method> <!-- setup -->
        <test-method signature="verify_search_result()[pri:0, instance:testCases.TC001_searchText@3012646b]" started-at="2024-12-02T08:13:20 IST" name="verify_search_result" finished-at="2024-12-02T08:13:41 IST" duration-ms="21455" status="PASS">
          <reporter-output>
          </reporter-output>
        </test-method> <!-- verify_search_result -->
        <test-method is-config="true" signature="tearDown()[pri:0, instance:testCases.TC001_searchText@3012646b]" started-at="2024-12-02T08:13:42 IST" name="tearDown" finished-at="2024-12-02T08:13:42 IST" duration-ms="174" status="PASS">
          <reporter-output>
          </reporter-output>
        </test-method> <!-- tearDown -->
      </class> <!-- testCases.TC001_searchText -->
    </test> <!-- Test -->
  </suite> <!-- Suite -->
</testng-results>
