<?xml version="1.0" encoding="UTF-8"?>
<testng-results ignored="0" total="1" passed="1" failed="0" skipped="0">
  <reporter-output>
  </reporter-output>
  <suite started-at="2024-12-02T19:01:25 IST" name="Suite" finished-at="2024-12-02T19:02:49 IST" duration-ms="84546">
    <groups>
      <group name="Master">
        <method signature="TC002_verifyNumberOfCenters.verify_center()[pri:0, instance:testCases.TC002_verifyNumberOfCenters@33065d67]" name="verify_center" class="testCases.TC002_verifyNumberOfCenters"/>
      </group> <!-- Master -->
      <group name="Sanity">
        <method signature="TC002_verifyNumberOfCenters.verify_center()[pri:0, instance:testCases.TC002_verifyNumberOfCenters@33065d67]" name="verify_center" class="testCases.TC002_verifyNumberOfCenters"/>
      </group> <!-- Sanity -->
    </groups>
    <test started-at="2024-12-02T19:01:25 IST" name="Test" finished-at="2024-12-02T19:02:49 IST" duration-ms="84546">
      <class name="testCases.TC002_verifyNumberOfCenters">
        <test-method is-config="true" signature="setup(java.lang.String)[pri:0, instance:testCases.TC002_verifyNumberOfCenters@33065d67]" started-at="2024-12-02T19:01:25 IST" name="setup" finished-at="2024-12-02T19:01:32 IST" duration-ms="6644" status="PASS">
          <params>
            <param index="0">
              <value>
                <![CDATA[Chrome]]>
              </value>
            </param>
          </params>
          <reporter-output>
          </reporter-output>
        </test-method> <!-- setup -->
        <test-method signature="verify_center()[pri:0, instance:testCases.TC002_verifyNumberOfCenters@33065d67]" started-at="2024-12-02T19:01:32 IST" name="verify_center" finished-at="2024-12-02T19:02:49 IST" duration-ms="77700" status="PASS">
          <reporter-output>
          </reporter-output>
        </test-method> <!-- verify_center -->
        <test-method is-config="true" signature="tearDown()[pri:0, instance:testCases.TC002_verifyNumberOfCenters@33065d67]" started-at="2024-12-02T19:02:49 IST" name="tearDown" finished-at="2024-12-02T19:02:49 IST" duration-ms="157" status="PASS">
          <reporter-output>
          </reporter-output>
        </test-method> <!-- tearDown -->
      </class> <!-- testCases.TC002_verifyNumberOfCenters -->
    </test> <!-- Test -->
  </suite> <!-- Suite -->
</testng-results>
