<?xml version="1.0" encoding="UTF-8"?>
<testng-results ignored="0" total="2" passed="2" failed="0" skipped="0">
  <reporter-output>
  </reporter-output>
  <suite started-at="2024-12-03T22:56:07 IST" name="Suite" finished-at="2024-12-03T22:56:40 IST" duration-ms="32971">
    <groups>
    </groups>
    <test started-at="2024-12-03T22:56:07 IST" name="Test" finished-at="2024-12-03T22:56:40 IST" duration-ms="32971">
      <class name="testCases.TC002_verifyNumberOfCenters">
        <test-method is-config="true" signature="setup(java.lang.String)[pri:0, instance:testCases.TC002_verifyNumberOfCenters@3a7442c7]" started-at="2024-12-03T22:56:21 IST" name="setup" finished-at="2024-12-03T22:56:27 IST" duration-ms="6200" status="PASS">
          <params>
            <param index="0">
              <value>
                <![CDATA[Chrome]]>
              </value>
            </param>
          </params>
          <reporter-output>
          </reporter-output>
        </test-method> <!-- setup -->
        <test-method signature="verify_center()[pri:0, instance:testCases.TC002_verifyNumberOfCenters@3a7442c7]" started-at="2024-12-03T22:56:27 IST" name="verify_center" finished-at="2024-12-03T22:56:39 IST" duration-ms="12356" status="PASS">
          <reporter-output>
          </reporter-output>
        </test-method> <!-- verify_center -->
        <test-method is-config="true" signature="tearDown()[pri:0, instance:testCases.TC002_verifyNumberOfCenters@3a7442c7]" started-at="2024-12-03T22:56:39 IST" name="tearDown" finished-at="2024-12-03T22:56:40 IST" duration-ms="194" status="PASS">
          <reporter-output>
          </reporter-output>
        </test-method> <!-- tearDown -->
      </class> <!-- testCases.TC002_verifyNumberOfCenters -->
      <class name="testCases.TC001_searchText">
        <test-method is-config="true" signature="setup(java.lang.String)[pri:0, instance:testCases.TC001_searchText@663c9e7a]" started-at="2024-12-03T22:56:07 IST" name="setup" finished-at="2024-12-03T22:56:15 IST" duration-ms="8161" status="PASS">
          <params>
            <param index="0">
              <value>
                <![CDATA[Chrome]]>
              </value>
            </param>
          </params>
          <reporter-output>
          </reporter-output>
        </test-method> <!-- setup -->
        <test-method signature="verify_search_result()[pri:0, instance:testCases.TC001_searchText@663c9e7a]" started-at="2024-12-03T22:56:15 IST" name="verify_search_result" finished-at="2024-12-03T22:56:21 IST" duration-ms="5515" status="PASS">
          <reporter-output>
          </reporter-output>
        </test-method> <!-- verify_search_result -->
        <test-method is-config="true" signature="tearDown()[pri:0, instance:testCases.TC001_searchText@663c9e7a]" started-at="2024-12-03T22:56:21 IST" name="tearDown" finished-at="2024-12-03T22:56:21 IST" duration-ms="278" status="PASS">
          <reporter-output>
          </reporter-output>
        </test-method> <!-- tearDown -->
      </class> <!-- testCases.TC001_searchText -->
    </test> <!-- Test -->
  </suite> <!-- Suite -->
</testng-results>
